<?xml version="1.0" encoding="utf-8"?><testsuites name="pytest tests"><testsuite name="pytest" errors="14" failures="0" skipped="0" tests="14" time="0.829" timestamp="2026-08-04T18:27:15.155967+00:00" hostname="4ec64cdad580"><testcase classname="" name="AgentsCatalogue.lib.shell.tests" time="0.000"><error message="collection failure">/usr/local/lib/python3.12/importlib/__init__.py:90: in import_module
    return _bootstrap._gcd_import(name[level:], package, level)
           ^^^^^^^^^^^^^^^^^^^^^^^^^^^^^^^^^^^^^^^^^^^^^^^^^^^^
&lt;frozen importlib._bootstrap&gt;:1387: in _gcd_import
    ???
&lt;frozen importlib._bootstrap&gt;:1360: in _find_and_load
    ???
&lt;frozen importlib._bootstrap&gt;:1331: in _find_and_load_unlocked
    ???
&lt;frozen importlib._bootstrap&gt;:935: in _load_unlocked
    ???
/usr/local/lib/python3.12/site-packages/_pytest/assertion/rewrite.py:188: in exec_module
    exec(co, module.__dict__)
AgentsCatalogue/lib/shell/tests/conftest.py:8: in &lt;module&gt;
    from AgentsCatalogue.lib.shell import (
E   ModuleNotFoundError: No module named 'AgentsCatalogue'</error></testcase><testcase classname="" name="modules.catalogue.test_catalogue" time="0.000"><error message="collection failure">ImportError while importing test module '/workspace/modules/catalogue/test_catalogue.py'.
Hint: make sure your test modules/packages have valid Python names.
Traceback:
/usr/local/lib/python3.12/importlib/__init__.py:90: in import_module
    return _bootstrap._gcd_import(name[level:], package, level)
           ^^^^^^^^^^^^^^^^^^^^^^^^^^^^^^^^^^^^^^^^^^^^^^^^^^^^
modules/catalogue/test_catalogue.py:5: in &lt;module&gt;
    from modules.catalogue.catalogue import Catalogue
E   ModuleNotFoundError: No module named 'modules'</error></testcase><testcase classname="" name="modules.sql.test_rename_migration" time="0.000"><error message="collection failure">ImportError while importing test module '/workspace/modules/sql/test_rename_migration.py'.
Hint: make sure your test modules/packages have valid Python names.
Traceback:
/usr/local/lib/python3.12/importlib/__init__.py:90: in import_module
    return _bootstrap._gcd_import(name[level:], package, level)
           ^^^^^^^^^^^^^^^^^^^^^^^^^^^^^^^^^^^^^^^^^^^^^^^^^^^^
modules/sql/test_rename_migration.py:6: in &lt;module&gt;
    from modules.sql.migrations import MigrationManager
E   ModuleNotFoundError: No module named 'modules'</error></testcase><testcase classname="" name="modules.test_runner.test_runner" time="0.000"><error message="collection failure">ImportError while importing test module '/workspace/modules/test_runner/test_runner.py'.
Hint: make sure your test modules/packages have valid Python names.
Traceback:
/usr/local/lib/python3.12/importlib/__init__.py:90: in import_module
    return _bootstrap._gcd_import(name[level:], package, level)
           ^^^^^^^^^^^^^^^^^^^^^^^^^^^^^^^^^^^^^^^^^^^^^^^^^^^^
modules/test_runner/test_runner.py:3: in &lt;module&gt;
    from modules.container_manager.container_manager import ContainerManager
E   ModuleNotFoundError: No module named 'modules'</error></testcase><testcase classname="" name="projetadmin.tests.test_agent_codeur" time="0.000"><error message="collection failure">ImportError while importing test module '/workspace/projetadmin/tests/test_agent_codeur.py'.
Hint: make sure your test modules/packages have valid Python names.
Traceback:
/usr/local/lib/python3.12/importlib/__init__.py:90: in import_module
    return _bootstrap._gcd_import(name[level:], package, level)
           ^^^^^^^^^^^^^^^^^^^^^^^^^^^^^^^^^^^^^^^^^^^^^^^^^^^^
projetadmin/tests/test_agent_codeur.py:18: in &lt;module&gt;
    from modules.sql.db import ModelWeaverDB
E   ModuleNotFoundError: No module named 'modules'</error></testcase><testcase classname="" name="projetadmin.tests.test_agent_os" time="0.000"><error message="collection failure">ImportError while importing test module '/workspace/projetadmin/tests/test_agent_os.py'.
Hint: make sure your test modules/packages have valid Python names.
Traceback:
/usr/local/lib/python3.12/importlib/__init__.py:90: in import_module
    return _bootstrap._gcd_import(name[level:], package, level)
           ^^^^^^^^^^^^^^^^^^^^^^^^^^^^^^^^^^^^^^^^^^^^^^^^^^^^
projetadmin/tests/test_agent_os.py:20: in &lt;module&gt;
    from modules.sql.db import ModelWeaverDB
E   ModuleNotFoundError: No module named 'modules'</error></testcase><testcase classname="" name="projetadmin.tests.test_autodebug_e2e" time="0.000"><error message="collection failure">ImportError while importing test module '/workspace/projetadmin/tests/test_autodebug_e2e.py'.
Hint: make sure your test modules/packages have valid Python names.
Traceback:
/usr/local/lib/python3.12/importlib/__init__.py:90: in import_module
    return _bootstrap._gcd_import(name[level:], package, level)
           ^^^^^^^^^^^^^^^^^^^^^^^^^^^^^^^^^^^^^^^^^^^^^^^^^^^^
projetadmin/tests/test_autodebug_e2e.py:15: in &lt;module&gt;
    from modules.sql.db import ModelWeaverDB
E   ModuleNotFoundError: No module named 'modules'</error></testcase><testcase classname="" name="projetadmin.tests.test_model_connectivity" time="0.000"><error message="collection failure">ImportError while importing test module '/workspace/projetadmin/tests/test_model_connectivity.py'.
Hint: make sure your test modules/packages have valid Python names.
Traceback:
/usr/local/lib/python3.12/importlib/__init__.py:90: in import_module
    return _bootstrap._gcd_import(name[level:], package, level)
           ^^^^^^^^^^^^^^^^^^^^^^^^^^^^^^^^^^^^^^^^^^^^^^^^^^^^
projetadmin/tests/test_model_connectivity.py:28: in &lt;module&gt;
    import modelweaver  # noqa: E402
    ^^^^^^^^^^^^^^^^^^
E   ModuleNotFoundError: No module named 'modelweaver'</error></testcase><testcase classname="" name="projetadmin.tests.test_opencode_litellm_bridge" time="0.000"><error message="collection failure">ImportError while importing test module '/workspace/projetadmin/tests/test_opencode_litellm_bridge.py'.
Hint: make sure your test modules/packages have valid Python names.
Traceback:
/usr/local/lib/python3.12/importlib/__init__.py:90: in import_module
    return _bootstrap._gcd_import(name[level:], package, level)
           ^^^^^^^^^^^^^^^^^^^^^^^^^^^^^^^^^^^^^^^^^^^^^^^^^^^^
projetadmin/tests/test_opencode_litellm_bridge.py:5: in &lt;module&gt;
    import modelweaver
E   ModuleNotFoundError: No module named 'modelweaver'</error></testcase><testcase classname="" name="projetadmin.tests.test_workflow_integration" time="0.000"><error message="collection failure">ImportError while importing test module '/workspace/projetadmin/tests/test_workflow_integration.py'.
Hint: make sure your test modules/packages have valid Python names.
Traceback:
/usr/local/lib/python3.12/importlib/__init__.py:90: in import_module
    return _bootstrap._gcd_import(name[level:], package, level)
           ^^^^^^^^^^^^^^^^^^^^^^^^^^^^^^^^^^^^^^^^^^^^^^^^^^^^
projetadmin/tests/test_workflow_integration.py:18: in &lt;module&gt;
    from modules.sql.db import ModelWeaverDB
E   ModuleNotFoundError: No module named 'modules'</error></testcase><testcase classname="" name="test_cache" time="0.000"><error message="collection failure">/usr/local/lib/python3.12/site-packages/_pytest/python.py:508: in importtestmodule
    mod = import_path(
/usr/local/lib/python3.12/site-packages/_pytest/pathlib.py:596: in import_path
    importlib.import_module(module_name)
/usr/local/lib/python3.12/importlib/__init__.py:90: in import_module
    return _bootstrap._gcd_import(name[level:], package, level)
           ^^^^^^^^^^^^^^^^^^^^^^^^^^^^^^^^^^^^^^^^^^^^^^^^^^^^
&lt;frozen importlib._bootstrap&gt;:1387: in _gcd_import
    ???
&lt;frozen importlib._bootstrap&gt;:1360: in _find_and_load
    ???
&lt;frozen importlib._bootstrap&gt;:1331: in _find_and_load_unlocked
    ???
&lt;frozen importlib._bootstrap&gt;:935: in _load_unlocked
    ???
/usr/local/lib/python3.12/site-packages/_pytest/assertion/rewrite.py:179: in exec_module
    source_stat, co = _rewrite_test(fn, self.config)
                      ^^^^^^^^^^^^^^^^^^^^^^^^^^^^^^
/usr/local/lib/python3.12/site-packages/_pytest/assertion/rewrite.py:348: in _rewrite_test
    tree = ast.parse(source, filename=strfn)
           ^^^^^^^^^^^^^^^^^^^^^^^^^^^^^^^^^
/usr/local/lib/python3.12/ast.py:52: in parse
    return compile(source, filename, mode, flags,
E     File "/workspace/test_cache.py", line 1
E       import unittest\nimport time\n\nclass TestCache(unittest.TestCase):\n    def test_ttl(self):\n        # V\u00e9rifie que les donn\u00e9es expirent apr\u00e8s le d\u00e9lai\n        pass\n\n    def test_api_calls(self):\n        # V\u00e9rifie que les appels API sont r\u00e9duits lorsque le cache est valide\n        pass
E                       ^
E   SyntaxError: unexpected character after line continuation character</error></testcase><testcase classname="" name="tests.test_key_rotation" time="0.000"><error message="collection failure">ImportError while importing test module '/workspace/tests/test_key_rotation.py'.
Hint: make sure your test modules/packages have valid Python names.
Traceback:
/usr/local/lib/python3.12/importlib/__init__.py:90: in import_module
    return _bootstrap._gcd_import(name[level:], package, level)
           ^^^^^^^^^^^^^^^^^^^^^^^^^^^^^^^^^^^^^^^^^^^^^^^^^^^^
tests/test_key_rotation.py:5: in &lt;module&gt;
    from modules.key_rotation.rotation_module import KeyRotationService
modules/key_rotation/rotation_module.py:11: in &lt;module&gt;
    from services.logger import get_logger
E   ImportError: cannot import name 'get_logger' from 'services.logger' (/workspace/services/logger.py)</error></testcase><testcase classname="" name="tests.test_live_conflict_resolution" time="0.000"><error message="collection failure">ImportError while importing test module '/workspace/tests/test_live_conflict_resolution.py'.
Hint: make sure your test modules/packages have valid Python names.
Traceback:
/usr/local/lib/python3.12/importlib/__init__.py:90: in import_module
    return _bootstrap._gcd_import(name[level:], package, level)
           ^^^^^^^^^^^^^^^^^^^^^^^^^^^^^^^^^^^^^^^^^^^^^^^^^^^^
tests/test_live_conflict_resolution.py:28: in &lt;module&gt;
    from modules.llm_manager.litellm_bridge import LiteLLMBridge
E   ImportError: cannot import name 'LiteLLMBridge' from 'modules.llm_manager.litellm_bridge' (/workspace/modules/llm_manager/litellm_bridge.py)</error></testcase><testcase classname="" name="tests.test_live_multiagent" time="0.000"><error message="collection failure">ImportError while importing test module '/workspace/tests/test_live_multiagent.py'.
Hint: make sure your test modules/packages have valid Python names.
Traceback:
/usr/local/lib/python3.12/importlib/__init__.py:90: in import_module
    return _bootstrap._gcd_import(name[level:], package, level)
           ^^^^^^^^^^^^^^^^^^^^^^^^^^^^^^^^^^^^^^^^^^^^^^^^^^^^
tests/test_live_multiagent.py:29: in &lt;module&gt;
    from modules.llm_manager.litellm_bridge import LiteLLMBridge
E   ImportError: cannot import name 'LiteLLMBridge' from 'modules.llm_manager.litellm_bridge' (/workspace/modules/llm_manager/litellm_bridge.py)</error></testcase></testsuite></testsuites>